<?xml version="1.0" encoding="UTF-8"?>
<!-- Generated by org.testng.reporters.JUnitReportReporter -->
<testsuite hostname="CutehomePC" name="com.example.tests.ContactCreationTests" tests="1" failures="0" timestamp="19 Apr 2015 06:36:02 GMT" time="6.882" errors="0">
  <testcase name="testContactCreation" time="6.882" classname="com.example.tests.ContactCreationTests"/>
</testsuite> <!-- com.example.tests.ContactCreationTests -->
