<?xml version="1.0" encoding="UTF-8"?>
<!-- Generated by org.testng.reporters.JUnitReportReporter -->
<testsuite hostname="CutehomePC" name="com.example.tests.ContactCreationTests" tests="1" failures="0" timestamp="18 Apr 2015 11:51:04 GMT" time="6.113" errors="0">
  <testcase name="testContactCreation" time="6.113" classname="com.example.tests.ContactCreationTests"/>
</testsuite> <!-- com.example.tests.ContactCreationTests -->
