<?xml version="1.0" encoding="UTF-8"?>
<!-- Generated by org.testng.reporters.JUnitReportReporter -->
<testsuite hostname="CutehomePC" name="com.example.tests.AllGroupsRemovalTests" tests="1" failures="0" timestamp="28 Apr 2015 18:14:49 GMT" time="4.498" errors="0">
  <testcase name="deleteSomeGroup" time="4.498" classname="com.example.tests.AllGroupsRemovalTests"/>
</testsuite> <!-- com.example.tests.AllGroupsRemovalTests -->
