<?xml version="1.0" encoding="UTF-8"?>
<!-- Generated by org.testng.reporters.JUnitReportReporter -->
<testsuite hostname="CutehomePC" name="com.example.tests.ContactRemovalTests" tests="1" failures="0" timestamp="8 May 2015 19:07:41 GMT" time="5.587" errors="0">
  <testcase name="testContactRemoval" time="5.587" classname="com.example.tests.ContactRemovalTests"/>
</testsuite> <!-- com.example.tests.ContactRemovalTests -->
