<?xml version="1.0" encoding="UTF-8"?>
<!-- Generated by org.testng.reporters.JUnitReportReporter -->
<testsuite hostname="CutehomePC" name="com.example.tests.ContactCreationTests" tests="1" failures="0" timestamp="26 Apr 2015 17:50:32 GMT" time="7.160" errors="0">
  <testcase name="testContactCreation" time="7.160" classname="com.example.tests.ContactCreationTests"/>
</testsuite> <!-- com.example.tests.ContactCreationTests -->
