<?xml version="1.0" encoding="UTF-8"?>
<!-- Generated by org.testng.reporters.JUnitReportReporter -->
<testsuite hostname="CutehomePC" name="com.example.tests.AllGroupsRemovalTests" tests="1" failures="0" timestamp="8 May 2015 19:23:51 GMT" time="61.510" errors="0">
  <testcase name="deleteAllGroup" time="61.510" classname="com.example.tests.AllGroupsRemovalTests"/>
</testsuite> <!-- com.example.tests.AllGroupsRemovalTests -->
