<?xml version="1.0" encoding="UTF-8"?>
<!-- Generated by org.testng.reporters.JUnitReportReporter -->
<testsuite hostname="CutehomePC" name="com.example.tests.GroupCreationTests" tests="1" failures="0" timestamp="5 May 2015 19:07:24 GMT" time="3.145" errors="0">
  <testcase name="testGroupCreationWithValidData" time="3.145" classname="com.example.tests.GroupCreationTests"/>
</testsuite> <!-- com.example.tests.GroupCreationTests -->
