<?xml version="1.0" encoding="UTF-8"?>
<!-- Generated by org.testng.reporters.JUnitReportReporter -->
<testsuite hostname="CutehomePC" name="com.example.tests.ContactModificationsTests" tests="1" failures="0" timestamp="8 May 2015 19:05:30 GMT" time="13.073" errors="0">
  <testcase name="testContactModifications" time="13.073" classname="com.example.tests.ContactModificationsTests"/>
</testsuite> <!-- com.example.tests.ContactModificationsTests -->
