<?xml version="1.0" encoding="UTF-8"?>
<!-- Generated by org.testng.reporters.JUnitReportReporter -->
<testsuite hostname="CutehomePC" name="com.example.tests.GroupRemovalTests" tests="1" failures="0" timestamp="5 May 2015 18:41:06 GMT" time="48.938" errors="0">
  <testcase name="deleteSomeGroup" time="48.938" classname="com.example.tests.GroupRemovalTests"/>
</testsuite> <!-- com.example.tests.GroupRemovalTests -->
