<?xml version="1.0" encoding="UTF-8"?>
<!-- Generated by org.testng.reporters.JUnitReportReporter -->
<testsuite hostname="CutehomePC" name="com.example.tests.ContactModificationsTests" tests="3" failures="0" timestamp="7 May 2015 18:57:05 GMT" time="13.932" errors="0">
  <testcase name="testContactModifications" time="4.662" classname="com.example.tests.ContactModificationsTests"/>
  <testcase name="testContactModifications" time="4.612" classname="com.example.tests.ContactModificationsTests"/>
  <testcase name="testContactModifications" time="4.658" classname="com.example.tests.ContactModificationsTests"/>
</testsuite> <!-- com.example.tests.ContactModificationsTests -->
