<?xml version="1.0" encoding="UTF-8"?>
<!-- Generated by org.testng.reporters.JUnitReportReporter -->
<testsuite hostname="CutehomePC" name="com.example.tests.GroupCreationTests" tests="1" failures="0" timestamp="18 Apr 2015 11:51:04 GMT" time="3.781" errors="0">
  <testcase name="testNonEmptyGroupCreation" time="3.781" classname="com.example.tests.GroupCreationTests"/>
</testsuite> <!-- com.example.tests.GroupCreationTests -->
