<?xml version="1.0" encoding="UTF-8"?>
<!-- Generated by org.testng.reporters.JUnitReportReporter -->
<testsuite hostname="CutehomePC" name="com.example.tests.ContactCreationTests" tests="1" failures="0" timestamp="8 May 2015 19:04:23 GMT" time="13.228" errors="0">
  <testcase name="testContactCreation" time="13.228" classname="com.example.tests.ContactCreationTests"/>
</testsuite> <!-- com.example.tests.ContactCreationTests -->
