<?xml version="1.0" encoding="UTF-8"?>
<!-- Generated by org.testng.reporters.JUnitReportReporter -->
<testsuite hostname="CutehomePC" name="com.example.tests.ContactCreationTests" tests="1" failures="0" timestamp="14 May 2015 18:33:35 GMT" time="8.377" errors="0">
  <testcase name="testContactCreation" time="8.377" classname="com.example.tests.ContactCreationTests"/>
</testsuite> <!-- com.example.tests.ContactCreationTests -->
