<?xml version="1.0" encoding="UTF-8"?>
<!-- Generated by org.testng.reporters.JUnitReportReporter -->
<testsuite hostname="CutehomePC" name="com.example.tests.ContactRemovalTests" tests="1" failures="0" timestamp="5 May 2015 17:59:01 GMT" time="1.029" errors="0">
  <testcase name="testContactRemoval" time="1.029" classname="com.example.tests.ContactRemovalTests"/>
</testsuite> <!-- com.example.tests.ContactRemovalTests -->
