<?xml version="1.0" encoding="UTF-8"?>
<!-- Generated by org.testng.reporters.JUnitReportReporter -->
<testsuite hostname="CutehomePC" name="com.example.tests.GroupCreationTests" tests="1" failures="0" timestamp="18 Apr 2015 10:28:37 GMT" time="3.671" errors="0">
  <testcase name="testNonEmptyGroupCreation" time="3.671" classname="com.example.tests.GroupCreationTests"/>
</testsuite> <!-- com.example.tests.GroupCreationTests -->
