<?xml version="1.0" encoding="UTF-8"?>
<!-- Generated by org.testng.reporters.JUnitReportReporter -->
<testsuite hostname="CutehomePC" name="com.example.tests.EmptyGroupCreationTests" tests="1" failures="0" timestamp="26 Apr 2015 17:50:32 GMT" time="4.160" errors="0">
  <testcase name="testEmptyGroupCreation" time="4.160" classname="com.example.tests.EmptyGroupCreationTests"/>
</testsuite> <!-- com.example.tests.EmptyGroupCreationTests -->
