<?xml version="1.0" encoding="UTF-8"?>
<!-- Generated by org.testng.reporters.JUnitReportReporter -->
<testsuite hostname="CutehomePC" name="com.example.tests.GroupModificationTests" tests="1" failures="0" timestamp="26 Apr 2015 17:50:32 GMT" time="3.447" errors="0">
  <testcase name="modifySomeGroup" time="3.447" classname="com.example.tests.GroupModificationTests"/>
</testsuite> <!-- com.example.tests.GroupModificationTests -->
