<?xml version="1.0" encoding="UTF-8"?>
<!-- Generated by org.testng.reporters.JUnitReportReporter -->
<testsuite hostname="CutehomePC" name="com.example.tests.EmptyGroupCreationTests" tests="1" failures="0" timestamp="26 Apr 2015 14:35:18 GMT" time="5.600" errors="0">
  <testcase name="testEmptyGroupCreation" time="5.600" classname="com.example.tests.EmptyGroupCreationTests"/>
</testsuite> <!-- com.example.tests.EmptyGroupCreationTests -->
