<?xml version="1.0" encoding="UTF-8"?>
<!-- Generated by org.testng.reporters.JUnitReportReporter -->
<testsuite hostname="CutehomePC" name="com.example.tests.GroupRemovalTests" tests="1" failures="0" timestamp="26 Apr 2015 17:50:32 GMT" time="2.353" errors="0">
  <testcase name="deleteSomeGroup" time="2.353" classname="com.example.tests.GroupRemovalTests"/>
</testsuite> <!-- com.example.tests.GroupRemovalTests -->
