<?xml version="1.0" encoding="UTF-8"?>
<!-- Generated by org.testng.reporters.JUnitReportReporter -->
<testsuite hostname="CutehomePC" name="com.example.tests.ContactModificationsTests" tests="1" failures="0" timestamp="1 May 2015 10:46:08 GMT" time="1.868" errors="0">
  <testcase name="testContactModifications" time="1.868" classname="com.example.tests.ContactModificationsTests"/>
</testsuite> <!-- com.example.tests.ContactModificationsTests -->
