<?xml version="1.0" encoding="UTF-8"?>
<!-- Generated by org.testng.reporters.JUnitReportReporter -->
<testsuite hostname="CutehomePC" name="com.example.tests.GroupModificationTests" tests="3" failures="0" timestamp="7 May 2015 18:16:05 GMT" time="9.958" errors="0">
  <testcase name="modifySomeGroup" time="3.480" classname="com.example.tests.GroupModificationTests"/>
  <testcase name="modifySomeGroup" time="3.199" classname="com.example.tests.GroupModificationTests"/>
  <testcase name="modifySomeGroup" time="3.279" classname="com.example.tests.GroupModificationTests"/>
</testsuite> <!-- com.example.tests.GroupModificationTests -->
