<?xml version="1.0" encoding="UTF-8"?>
<!-- Generated by org.testng.reporters.JUnitReportReporter -->
<testsuite hostname="CutehomePC" name="com.example.tests.emptyGroupCreationTests" tests="1" failures="0" timestamp="18 Apr 2015 10:28:37 GMT" time="4.120" errors="0">
  <testcase name="testEmptyGroupCreation" time="4.120" classname="com.example.tests.emptyGroupCreationTests"/>
</testsuite> <!-- com.example.tests.emptyGroupCreationTests -->
