<?xml version="1.0" encoding="UTF-8"?>
<!-- Generated by org.testng.reporters.JUnitReportReporter -->
<testsuite hostname="RUBTSOVA" name="com.example.tests.GroupCreationTests" tests="3" failures="0" timestamp="21 May 2015 09:10:30 GMT" time="40.552" errors="0">
  <testcase name="testGroupCreationWithValidData" time="34.211" classname="com.example.tests.GroupCreationTests"/>
  <testcase name="testGroupCreationWithValidData" time="3.172" classname="com.example.tests.GroupCreationTests"/>
  <testcase name="testGroupCreationWithValidData" time="3.169" classname="com.example.tests.GroupCreationTests"/>
</testsuite> <!-- com.example.tests.GroupCreationTests -->
