<?xml version="1.0" encoding="UTF-8"?>
<!-- Generated by org.testng.reporters.JUnitReportReporter -->
<testsuite hostname="CutehomePC" name="com.example.tests.GroupCreationTests" tests="1" failures="0" timestamp="26 Apr 2015 17:50:32 GMT" time="3.600" errors="0">
  <testcase name="testNonEmptyGroupCreation" time="3.600" classname="com.example.tests.GroupCreationTests"/>
</testsuite> <!-- com.example.tests.GroupCreationTests -->
