<?xml version="1.0" encoding="UTF-8"?>
<!-- Generated by org.testng.reporters.JUnitReportReporter -->
<testsuite hostname="CutehomePC" name="com.example.tests.ContactModificationsTests" tests="1" failures="0" timestamp="14 May 2015 18:47:21 GMT" time="38.587" errors="0">
  <testcase name="testContactModifications" time="38.587" classname="com.example.tests.ContactModificationsTests"/>
</testsuite> <!-- com.example.tests.ContactModificationsTests -->
