<?xml version="1.0" encoding="UTF-8"?>
<!-- Generated by org.testng.reporters.JUnitReportReporter -->
<testsuite hostname="RUBTSOVA" name="com.example.tests.ContactCreationTests" tests="1" failures="0" timestamp="19 May 2015 08:01:10 GMT" time="10.460" errors="0">
  <testcase name="testContactCreation" time="10.460" classname="com.example.tests.ContactCreationTests"/>
</testsuite> <!-- com.example.tests.ContactCreationTests -->
