<?xml version="1.0" encoding="UTF-8"?>
<!-- Generated by org.testng.reporters.JUnitReportReporter -->
<testsuite hostname="CutehomePC" name="com.example.tests.ContactCreationTests" tests="5" failures="0" timestamp="16 Jun 2015 20:27:14 GMT" time="21.975" errors="0">
  <testcase name="testContactCreation" time="3.772" classname="com.example.tests.ContactCreationTests"/>
  <testcase name="testContactCreation" time="6.969" classname="com.example.tests.ContactCreationTests"/>
  <testcase name="testContactCreation" time="3.860" classname="com.example.tests.ContactCreationTests"/>
  <testcase name="testContactCreation" time="3.672" classname="com.example.tests.ContactCreationTests"/>
  <testcase name="testContactCreation" time="3.702" classname="com.example.tests.ContactCreationTests"/>
</testsuite> <!-- com.example.tests.ContactCreationTests -->
