<?xml version="1.0" encoding="UTF-8"?>
<!-- Generated by org.testng.reporters.JUnitReportReporter -->
<testsuite hostname="CutehomePC" name="com.example.tests.ContactModificationsTests" tests="5" failures="0" timestamp="7 May 2015 19:12:16 GMT" time="23.677" errors="0">
  <testcase name="testContactModifications" time="4.543" classname="com.example.tests.ContactModificationsTests"/>
  <testcase name="testContactModifications" time="5.334" classname="com.example.tests.ContactModificationsTests"/>
  <testcase name="testContactModifications" time="4.518" classname="com.example.tests.ContactModificationsTests"/>
  <testcase name="testContactModifications" time="4.605" classname="com.example.tests.ContactModificationsTests"/>
  <testcase name="testContactModifications" time="4.677" classname="com.example.tests.ContactModificationsTests"/>
</testsuite> <!-- com.example.tests.ContactModificationsTests -->
